This is emTeX (tex386), Version 3.14159 [4b] (preloaded format=latex 97.2.18)  17 NOV 1998 16:44
**&latex rdp_user
(rdp_user.tex
LaTeX2e <1996/06/01>
(c:/emtex/texinput/latex2e/latex209.def
File: latex209.def 1996/05/21 v0.51 Standard LaTeX file

Entering LaTeX 2.09 compatibility mode.
\footheight=\dimen102
\@maxsep=\dimen103
\@dblmaxsep=\dimen104
\@cla=\count79
\@clb=\count80
\mscount=\count81
(c:/emtex/texinput/latex2e/tracefnt.sty
Package: tracefnt 1996/05/08 v3.0h Standard LaTeX package (font tracing)
\tracingfonts=\count82
LaTeX Info: Redefining \selectfont on input line 139.
)
\symbold=\mathgroup4
\symsans=\mathgroup5
\symtypewriter=\mathgroup6
\symitalic=\mathgroup7
\symsmallcaps=\mathgroup8
\symslanted=\mathgroup9
LaTeX Font Info:    Redeclaring math alphabet \mathbf on input line 307.
LaTeX Font Info:    Redeclaring math alphabet \mathsf on input line 308.
LaTeX Font Info:    Redeclaring math alphabet \mathtt on input line 309.
LaTeX Font Info:    Redeclaring math alphabet \mathit on input line 315.
LaTeX Info: Redefining \em on input line 325.

(c:/emtex/texinput/latex2e/latexsym.sty
Package: latexsym 1995/11/28 v2.2c Standard LaTeX package (lasy symbols)
\symlasy=\mathgroup10
LaTeX Font Info:    Overwriting symbol font `lasy' in version `bold'
(Font)                  U/lasy/m/n --> U/lasy/b/n on input line 86.
)
LaTeX Font Info:    Redeclaring math delimiter \lgroup on input line 389.
LaTeX Font Info:    Redeclaring math delimiter \rgroup on input line 391.
LaTeX Font Info:    Redeclaring math delimiter \bracevert on input line 393.
) (c:/emtex/texinput/latex2e/report.cls
Document Class: report 1996/05/26 v1.3r Standard LaTeX document class
(c:/emtex/texinput/latex2e/size11.clo
File: size11.clo 1996/05/26 v1.3r Standard LaTeX file (size option)
)
\c@part=\count83
\c@chapter=\count84
\c@section=\count85
\c@subsection=\count86
\c@subsubsection=\count87
\c@paragraph=\count88
\c@subparagraph=\count89
\c@figure=\count90
\c@table=\count91
\abovecaptionskip=\skip41
\belowcaptionskip=\skip42
Compatibility mode: definition of \rm ignored.
Compatibility mode: definition of \sf ignored.
Compatibility mode: definition of \tt ignored.
Compatibility mode: definition of \bf ignored.
Compatibility mode: definition of \it ignored.
Compatibility mode: definition of \sl ignored.
Compatibility mode: definition of \sc ignored.
LaTeX Info: Redefining \cal on input line 620.
LaTeX Info: Redefining \mit on input line 621.
\bibindent=\dimen105
) (c:/emtex/texinput/rhul/rhultech.sty
Standard style for RHUL reports, released 27 July 1993, Adrian Johnstone
\fullwidth=\skip43
) (c:/emtex/texinput/rhul/epsf.sty
\epsffilein=\read1
\epsfxsize=\dimen106
\epsfysize=\dimen107
\epsftsize=\dimen108
\epsfrsize=\dimen109
\epsftmp=\dimen110
\pspoints=\dimen111
) (rdp_user.aux)
LaTeX Font Info:    Checking defaults for OML/cmm/m/it on input line 13.
LaTeX Font Info:    ... okay on input line 13.
LaTeX Font Info:    Checking defaults for T1/cmr/m/n on input line 13.
LaTeX Font Info:    ... okay on input line 13.
LaTeX Font Info:    Checking defaults for OT1/cmr/m/n on input line 13.
LaTeX Font Info:    ... okay on input line 13.
LaTeX Font Info:    Checking defaults for OMS/cmsy/m/n on input line 13.
LaTeX Font Info:    ... okay on input line 13.
LaTeX Font Info:    Checking defaults for OMX/cmex/m/n on input line 13.
LaTeX Font Info:    ... okay on input line 13.
LaTeX Font Info:    Checking defaults for U/cmr/m/n on input line 13.
LaTeX Font Info:    ... okay on input line 13.
LaTeX Font Info:    External font `cmex10' loaded for size
(Font)              <14.4> on input line 14.
LaTeX Font Info:    External font `cmex10' loaded for size
(Font)              <7> on input line 14.
LaTeX Font Info:    Try loading font information for U+lasy on input line 14.

(c:/emtex/texinput/latex2e/ulasy.fd
File: Ulasy.fd 1995/11/28 v2.2cLaTeX symbol font definitions
)
LaTeX Font Info:    External font `cmex10' loaded for size
(Font)              <10.95> on input line 14.
LaTeX Font Info:    External font `cmex10' loaded for size
(Font)              <8> on input line 14.
LaTeX Font Info:    External font `cmex10' loaded for size
(Font)              <6> on input line 14.
\rhuolbox=\box26
\rhuolw=\dimen112
 [0

]
LaTeX Font Info:    Try loading font information for OMS+cmr on input line 71.
 (c:/emtex/texinput/latex2e/omscmr.fd
File: OMScmr.fd 1996/05/19 v2.4h Standard LaTeX font definitions
)
LaTeX Font Info:    Font shape `OMS/cmr/m/n' in size <10.95> not available
(Font)              Font shape `OMS/cmsy/m/n' tried instead on input line 71.

[1] (rdp_user.toc [1



] [2] [3])
\tf@toc=\write3
 [4] (rdp_user.lof)
\tf@lof=\write4
 [5


] [6


] (rdp_user.lot)
\tf@lot=\write5

[7] [0



]
Chapter 1.
[1] [2] (flow.pic) [3] [4]
Overfull \hbox (18.11893pt too wide) in paragraph at lines 248--257
[]\OT1/cmtt/m/n/10.95 cc -omyth myth.o myth_aux.o arg.o graph.o memalloc.o scan
.o 
 []


Underfull \hbox (badness 10000) in paragraph at lines 248--257

 []

[5] [6


]
Chapter 2.

Overfull \hbox (30.5415pt too wide) in paragraph at lines 338--338
[]\OT1/cmtt/m/n/9 rule ::= ID ['(' { ID [':' ID {'*'} ] } ')' ] [':' ID {'*'} ]
 [ '!' ] '::=' prod '.' .[] 
 []


LaTeX Warning: Float too large for page by 2.68306pt on input line 341.

[7]
LaTeX Font Warning: Font shape `OT1/cmss/M/n' undefined
(Font)              using `OT1/cmss/m/n' instead on input line 384.
 [8] [9] [10]
Chapter 3.
LaTeX Font Info:    Try loading font information for OMS+cmtt on input line 541
.
LaTeX Font Info:    No file OMScmtt.fd. on input line 541.
LaTeX Font Warning: Font shape `OMS/cmtt/m/n' undefined
(Font)              using `OMS/cmsy/m/n' instead
(Font)              for symbol `textbraceleft' on input line 541.
[11


] [12]
Overfull \hbox (7.59784pt too wide) in paragraph at lines 666--668
\OT1/cmr/m/n/10.95 that is, be-tween two and four in-stances of \OT1/cmtt/m/n/1
0.95 body \OT1/cmr/m/n/10.95 sep-a-rated by the to-ken \OT1/cmtt/m/n/10.95 sepa
rator\OT1/cmr/m/n/10.95 .
 []

[13] [14]
Chapter 4.
[15


] [16]
Overfull \hbox (23.9901pt too wide) in paragraph at lines 872--875
\OT1/cmr/m/n/10.95 accepts strings such as []\OT1/cmtt/m/n/10.95 |adrian| \OT1/
cmr/m/n/10.95 and []\OT1/cmtt/m/n/10.95 |the symbol || is used for alternation|

 []

LaTeX Font Info:    External font `cmex10' loaded for size
(Font)              <9> on input line 892.
LaTeX Font Info:    External font `cmex10' loaded for size
(Font)              <5> on input line 892.
[17] [18]
Overfull \hbox (56.82051pt too wide) in paragraph at lines 1041--1055
[][]| [] 
 []

[19] [20]
Chapter 5.

Overfull \hbox (7.98993pt too wide) in paragraph at lines 1103--1103
 []                     \OT1/cmtt/m/n/10.95 INTEGER:val2 [* result = val1 * val
2; *].[] 
 []

[21


] [22]
Overfull \hbox (28.71675pt too wide) in paragraph at lines 1212--1227
[]| [] 
 []

[23] [24] [25]
Overfull \hbox (41.40437pt too wide) in paragraph at lines 1439--1440
[][]| []\OT1/cmtt/m/n/10.95 [* if (rdp_pass == 2) printf("Executing actions on 
second pass"); *] 
 []

[26] [27] [28


]
Chapter 6.
[29] [30] [31] [32] [33] [34] [35] [36


]
Chapter 7.
[37] [38] [39] [40] [41] [42


]
Chapter 8.
[43] [44]
Chapter 9.
[45


] [46]

LaTeX Warning: Float too large for page by 10.90465pt on input line 2232.

[47] [48] [49] [50] [51] [52] [53] [54


]
Chapter 10.
[55] [56] [57]
Overfull \hbox (3.31822pt too wide) in paragraph at lines 2502--2502
 []\OT1/cmtt/m/n/10 e1 ::= e2^^ { ('+'^^^ | '-'^^^) e2 }. (* Add or subtract (L
A)    *)[] 
 []


Overfull \hbox (3.31822pt too wide) in paragraph at lines 2502--2502
 []\OT1/cmtt/m/n/10 e2 ::= e3^^ { ('*'^^^ | '/'^^^) e3 }. (* Multiply or divide
 (LA) *)[] 
 []


Overfull \hbox (55.81776pt too wide) in paragraph at lines 2502--2502
 []\OT1/cmtt/m/n/10 e3 ::= e4^^ | ('+'^^ | '-'^^) e3.     (* Monadic positive o
r negative (RA) *)[] 
 []


Overfull \hbox (3.31822pt too wide) in paragraph at lines 2502--2502
 []\OT1/cmtt/m/n/10 e4 ::= e5 [ '**'^^ e4 ]:^^.           (* Exponentiate (RA) 
      *)[] 
 []


Overfull \hbox (3.31822pt too wide) in paragraph at lines 2502--2502
 []\OT1/cmtt/m/n/10 e5::= ID^^                            (* Variable or ...   
      *)[] 
 []


Overfull \hbox (3.31822pt too wide) in paragraph at lines 2502--2502
 []      \OT1/cmtt/m/n/10 ['('^ (e1)@','^ ')'^ ] |        (* ... function call 
      *)[] 
 []


Overfull \hbox (3.31822pt too wide) in paragraph at lines 2502--2502
 []      \OT1/cmtt/m/n/10 INTEGER^^              |        (* Numeric literal   
      *)[] 
 []


Overfull \hbox (3.31822pt too wide) in paragraph at lines 2502--2502
 []      \OT1/cmtt/m/n/10 '('^ e1^^ ')'^.                 (* Bracketed subexpre
ssion *)[] 
 []

[58] [59] [60] [61] [62]
Chapter 11.

Overfull \hbox (9.3583pt too wide) in paragraph at lines 2625--2625
[][]\OT1/cmtt/m/n/10.95 33: Error 1 (zzz.bnf): unexpected character 0x2C ',' in
 source file[] 
 []

[63


]
Overfull \hbox (22.89638pt too wide) in paragraph at lines 2700--2700
[]\OT1/cmtt/m/n/12 run aborted without creating output files - rerun with -F to
 override 
 []

[64]
LaTeX Font Info:    External font `cmex10' loaded for size
(Font)              <12> on input line 2737.
 [65] [66] [67]
Overfull \hbox (5.49657pt too wide) in paragraph at lines 2888--2888
[]\OT1/cmtt/m/n/12 LL(1) violation - rule '\OT1/cmr/m/it/12 rule\OT1/cmtt/m/n/1
2 ' is nullable but contains the nullable
 []


Overfull \hbox (32.96634pt too wide) in paragraph at lines 2911--2920
[] 
 []


Overfull \hbox (27.21765pt too wide) in paragraph at lines 2911--2920
[] 
 []


Overfull \hbox (9.97159pt too wide) in paragraph at lines 2911--2920
\OT1/cmtt/m/n/10.95 obsolete directive: POST[]PROCESS renamed POST[]PARSE at ve
rsion 1.3 
 []


Overfull \hbox (3.60962pt too wide) in paragraph at lines 2911--2920
\OT1/cmtt/m/n/10.95 obsolete scanner primitive: NUMBER renamed INTEGER at versi
on 1.3 
 []


Underfull \hbox (badness 10000) in paragraph at lines 2911--2920

 []

[68] [69] [70] [71] [72]
Chapter 12.
[73


] [74] [75]
Overfull \hbox (33.69266pt too wide) in paragraph at lines 3335--3335
[]\OT1/cmtt/m/n/10 .....  /* Pass level initialisation (including source file o
pening) omitted */[] 
 []


Overfull \hbox (28.4427pt too wide) in paragraph at lines 3335--3335
[]                                        \OT1/cmtt/m/n/10 text_total_errors() 
== 1 ? "" : "s");[] 
 []


Overfull \hbox (36.73337pt too wide) in paragraph at lines 3365--3366
[][][]\OT1/cmtt/m/n/10.95 int scan_test(const char *production, const int valid
, set_ * stop)
 []


Overfull \hbox (45.52373pt too wide) in paragraph at lines 3366--3367
[][][]\OT1/cmtt/m/n/10.95 int scan_test_set(const char *production, set_ * vali
d, set_ * stop)\OT1/cmr/m/n/10.95 . 
 []

[76] [77] [78]
Overfull \hbox (18.32457pt too wide) in paragraph at lines 3472--3481
\OT1/cmr/m/n/10.95 will be called. If not, then the scan-ner vari-able is teste
d against []\OT1/cmtt/m/n/10.95 rdp_multi_1_first
 []

[79] [80] [81] [82] [83] [84] (rdp_inst.tex [85] [86


]
Appendix A.

LaTeX Warning: Float too large for page by 42.00388pt on input line 87.

[87] [88] [89]
Overfull \hbox (44.19257pt too wide) in paragraph at lines 286--286
[]        \OT1/cmtt/m/n/10 cc -eminiloop.exe miniloop.obj ml_aux.obj arg.obj gr
aph.obj memalloc.obj[] 
 []


Overfull \hbox (28.4427pt too wide) in paragraph at lines 286--286
[]        \OT1/cmtt/m/n/10 cc -emvmasm.exe mvmasm.obj mvm_aux.obj arg.obj graph
.obj memalloc.obj[] 
 []


Underfull \vbox (badness 10000) has occurred while \output is active []

 [90]
Overfull \hbox (44.19257pt too wide) in paragraph at lines 286--286
[]        \OT1/cmtt/m/n/10 cc -eminitree.exe minitree.obj m*_aux.obj arg.obj gr
aph.obj memalloc.obj[] 
 []


Overfull \hbox (54.69247pt too wide) in paragraph at lines 286--286
[]        \OT1/cmtt/m/n/10 cc -epretty_c.exe pretty_c.obj pr_c_aux.obj arg.obj 
graph.obj memalloc.obj[] 
 []


Underfull \vbox (badness 10000) has occurred while \output is active []

 [91])
(rdp_user.bbl [92]) [93


] (rdp_user.aux)
LaTeX Font Warning: Some font shapes were not available, defaults substituted.


LaTeX Warning: Label(s) may have changed. Rerun to get cross-references right.

 ) 
Here is how much of TeX's memory you used:
 660 strings out of 55952
 6534 string characters out of 211975
 54561 words of memory out of 262143
 3456 multiletter control sequences out of 10000
 28090 words of font info for 103 fonts, out of 81920 for 254
 14 hyphenation exceptions out of 607
 23i,9n,23p,364b,365s stack positions out of 300i,100n,60p,5000b,1000s

Output written on rdp_user.dvi (103 pages, 233648 bytes).
