This is emTeX (tex386), Version 3.14159 [4b] (preloaded format=latex 97.2.18)  17 NOV 1998 16:44
**&latex rdp_supp
(rdp_supp.tex
LaTeX2e <1996/06/01>
(c:/emtex/texinput/latex2e/latex209.def
File: latex209.def 1996/05/21 v0.51 Standard LaTeX file

Entering LaTeX 2.09 compatibility mode.
\footheight=\dimen102
\@maxsep=\dimen103
\@dblmaxsep=\dimen104
\@cla=\count79
\@clb=\count80
\mscount=\count81
(c:/emtex/texinput/latex2e/tracefnt.sty
Package: tracefnt 1996/05/08 v3.0h Standard LaTeX package (font tracing)
\tracingfonts=\count82
LaTeX Info: Redefining \selectfont on input line 139.
)
\symbold=\mathgroup4
\symsans=\mathgroup5
\symtypewriter=\mathgroup6
\symitalic=\mathgroup7
\symsmallcaps=\mathgroup8
\symslanted=\mathgroup9
LaTeX Font Info:    Redeclaring math alphabet \mathbf on input line 307.
LaTeX Font Info:    Redeclaring math alphabet \mathsf on input line 308.
LaTeX Font Info:    Redeclaring math alphabet \mathtt on input line 309.
LaTeX Font Info:    Redeclaring math alphabet \mathit on input line 315.
LaTeX Info: Redefining \em on input line 325.

(c:/emtex/texinput/latex2e/latexsym.sty
Package: latexsym 1995/11/28 v2.2c Standard LaTeX package (lasy symbols)
\symlasy=\mathgroup10
LaTeX Font Info:    Overwriting symbol font `lasy' in version `bold'
(Font)                  U/lasy/m/n --> U/lasy/b/n on input line 86.
)
LaTeX Font Info:    Redeclaring math delimiter \lgroup on input line 389.
LaTeX Font Info:    Redeclaring math delimiter \rgroup on input line 391.
LaTeX Font Info:    Redeclaring math delimiter \bracevert on input line 393.
) (c:/emtex/texinput/latex2e/report.cls
Document Class: report 1996/05/26 v1.3r Standard LaTeX document class
(c:/emtex/texinput/latex2e/size11.clo
File: size11.clo 1996/05/26 v1.3r Standard LaTeX file (size option)
)
\c@part=\count83
\c@chapter=\count84
\c@section=\count85
\c@subsection=\count86
\c@subsubsection=\count87
\c@paragraph=\count88
\c@subparagraph=\count89
\c@figure=\count90
\c@table=\count91
\abovecaptionskip=\skip41
\belowcaptionskip=\skip42
Compatibility mode: definition of \rm ignored.
Compatibility mode: definition of \sf ignored.
Compatibility mode: definition of \tt ignored.
Compatibility mode: definition of \bf ignored.
Compatibility mode: definition of \it ignored.
Compatibility mode: definition of \sl ignored.
Compatibility mode: definition of \sc ignored.
LaTeX Info: Redefining \cal on input line 620.
LaTeX Info: Redefining \mit on input line 621.
\bibindent=\dimen105
) (c:/emtex/texinput/rhul/rhultech.sty
Standard style for RHUL reports, released 27 July 1993, Adrian Johnstone
\fullwidth=\skip43
) (c:/emtex/texinput/rhul/epsf.sty
\epsffilein=\read1
\epsfxsize=\dimen106
\epsfysize=\dimen107
\epsftsize=\dimen108
\epsfrsize=\dimen109
\epsftmp=\dimen110
\pspoints=\dimen111
) (c:/emtex/texinput/latex2e/bezier.sty)
(rdp_supp.aux)
LaTeX Font Info:    Checking defaults for OML/cmm/m/it on input line 9.
LaTeX Font Info:    ... okay on input line 9.
LaTeX Font Info:    Checking defaults for T1/cmr/m/n on input line 9.
LaTeX Font Info:    ... okay on input line 9.
LaTeX Font Info:    Checking defaults for OT1/cmr/m/n on input line 9.
LaTeX Font Info:    ... okay on input line 9.
LaTeX Font Info:    Checking defaults for OMS/cmsy/m/n on input line 9.
LaTeX Font Info:    ... okay on input line 9.
LaTeX Font Info:    Checking defaults for OMX/cmex/m/n on input line 9.
LaTeX Font Info:    ... okay on input line 9.
LaTeX Font Info:    Checking defaults for U/cmr/m/n on input line 9.
LaTeX Font Info:    ... okay on input line 9.
LaTeX Font Info:    External font `cmex10' loaded for size
(Font)              <14.4> on input line 10.
LaTeX Font Info:    External font `cmex10' loaded for size
(Font)              <7> on input line 10.
LaTeX Font Info:    Try loading font information for U+lasy on input line 10.
 (c:/emtex/texinput/latex2e/ulasy.fd
File: Ulasy.fd 1995/11/28 v2.2cLaTeX symbol font definitions
)
LaTeX Font Info:    External font `cmex10' loaded for size
(Font)              <10.95> on input line 10.
LaTeX Font Info:    External font `cmex10' loaded for size
(Font)              <8> on input line 10.
LaTeX Font Info:    External font `cmex10' loaded for size
(Font)              <6> on input line 10.
\rhuolbox=\box26
\rhuolw=\dimen112
 [0

]
LaTeX Font Info:    Try loading font information for OMS+cmr on input line 61.

(c:/emtex/texinput/latex2e/omscmr.fd
File: OMScmr.fd 1996/05/19 v2.4h Standard LaTeX font definitions
)
LaTeX Font Info:    Font shape `OMS/cmr/m/n' in size <10.95> not available
(Font)              Font shape `OMS/cmsy/m/n' tried instead on input line 61.
 [1] (rdp_supp.toc [1



] [2] [3])
\tf@toc=\write3
 [0]
Chapter 1.
[1


] [2]
Chapter 2.
[3


]
Overfull \hbox (55.34781pt too wide) in paragraph at lines 216--216
[][]\OT1/cmtt/m/n/10.95 void arg_numeric(char key, char* description, unsigned 
long *unsignedvalue)[] 
 []

[4]
Overfull \hbox (21.09161pt too wide) in paragraph at lines 275--275
[][]\OT1/cmtt/m/n/9 arg_message("Recursive descent parser generator V1.50 (c) A
drian Johnstone 1997\n\n"[] 
 []


Overfull \hbox (16.36667pt too wide) in paragraph at lines 275--275
[]\OT1/cmtt/m/n/9 arg_boolean('f', "Filter mode (read from stdin and write to s
tdout)", &rdp_filter);[] 
 []


Overfull \hbox (11.64172pt too wide) in paragraph at lines 275--275
[]\OT1/cmtt/m/n/9 arg_boolean('S', "Print summary symbol table statistics", &rd
p_symbol_statistics);[] 
 []


Overfull \hbox (44.71634pt too wide) in paragraph at lines 275--275
[]\OT1/cmtt/m/n/9 arg_numeric('T', "Text buffer size in bytes for scanner (defa
ult 20000)", &rdp_textsize);[] 
 []


Overfull \hbox (35.26645pt too wide) in paragraph at lines 275--275
[]\OT1/cmtt/m/n/9 arg_string ('V', "Write derivation tree to filename in VCG fo
rmat", &rdp_vcg_filename);[] 
 []


Overfull \hbox (54.16623pt too wide) in paragraph at lines 275--275
[]\OT1/cmtt/m/n/9 arg_boolean('e', "Write out expanded BNF along with first and
 follow sets", &rdp_expanded);[] 
 []


Overfull \hbox (96.69073pt too wide) in paragraph at lines 275--275
[]\OT1/cmtt/m/n/9 arg_boolean('E', "Add rule name to error messages in generate
d parser", &rdp_error_production_name);[] 
 []


Overfull \hbox (91.96579pt too wide) in paragraph at lines 275--275
[]\OT1/cmtt/m/n/9 arg_boolean('p', "Make parser only (omit semantic actions fro
m generated code)", &rdp_parser_only);[] 
 []


Overfull \hbox (6.91678pt too wide) in paragraph at lines 275--275
[]\OT1/cmtt/m/n/9 arg_message("Computer Science Department, Royal Holloway, Uni
versity of London");[] 
 []


Overfull \hbox (8.63287pt too wide) in paragraph at lines 322--325
[][]\OT1/cmr/m/n/10.95 There is no straight-for-ward way to al-low em-bed-ded s
paces in string switches.
 []

[5] [6] [7] [8]
Chapter 3.
[9


] [10] [11] [12]
Overfull \hbox (26.60437pt too wide) in paragraph at lines 534--534
[][]\OT1/cmtt/m/n/10.95 unsigned long graph_get_atom_number(const void *graph_o
r_node_or_edge)[] 
 []

[13]
Overfull \hbox (55.34781pt too wide) in paragraph at lines 610--610
[][]\OT1/cmtt/m/n/10.95 void *graph_insert_edge(size_t size, void* target_node,
 void* node_or_edge)[] 
 []

[14]
Overfull \hbox (3.60962pt too wide) in paragraph at lines 650--650
[][]\OT1/cmtt/m/n/10.95 void *graph_insert_node_parent(size_t node_size, size_t
 edge_size,[] 
 []

[15] [16]
Chapter 4.
[17


]
Overfull \hbox (10.48698pt too wide) in paragraph at lines 739--742
\OT1/cmr/m/n/10.95 Print out the num-ber of bytes of mem-ory al-lo-cated us-ing
 []\OT1/cmtt/m/n/10.95 mem_malloc\OT1/cmr/m/n/10.95 , []\OT1/cmtt/m/n/10.95 mem
_calloc
 []

[18]
Chapter 5.
[19


]
Overfull \hbox (9.3583pt too wide) in paragraph at lines 822--822
[][]\OT1/cmtt/m/n/10.95 void scan_load_keyword(char *id1, const char *id2, cons
t int token,[] 
 []

[20] [21] [22


]
Chapter 6.
(set.pic) [23] [24] [25] [26]
Overfull \hbox (43.85043pt too wide) in paragraph at lines 1114--1114
[][]\OT1/cmtt/m/n/10.95 void set_print_element(const unsigned element, const ch
ar *element_names)[] 
 []

[27] [28]
Chapter 7.
(symbol.pic)
Overfull \hbox (22.53271pt too wide) in paragraph at lines 94--1184
 [] 
 []

[29


] [30] [31] [32] [33]
Overfull \hbox (3.60962pt too wide) in paragraph at lines 1382--1382
[][]\OT1/cmtt/m/n/10.95 void *symbol_insert_key(const void *table, char *str, s
ize_t size)[] 
 []


Overfull \hbox (26.60437pt too wide) in paragraph at lines 1396--1396
[][]\OT1/cmtt/m/n/10.95 void * symbol_lookup_key(const void * table, void * key
, void * scope)[] 
 []

[34]
Overfull \hbox (72.59387pt too wide) in paragraph at lines 1424--1424
[]                       \OT1/cmtt/m/n/10.95 int (*compare) (void *left_symbol,
 void *right_symbol),[] 
 []


Overfull \hbox (49.59912pt too wide) in paragraph at lines 1424--1424
[]                       \OT1/cmtt/m/n/10.95 unsigned (*hash) (unsigned hash_pr
ime, void *data),[] 
 []

[35] [36] [37] [38


]
Chapter 8.
(text.pic) [39] [40] [41] [42]
Overfull \hbox (43.85043pt too wide) in paragraph at lines 1746--1746
[][]\OT1/cmtt/m/n/10.95 int text_message(const enum text_message_type type, con
st char *fmt, ...)[] 
 []

[43] [44] (rdp_inst.tex [45] [46


]
Appendix A.
LaTeX Font Info:    External font `cmex10' loaded for size
(Font)              <9> on input line 23.
LaTeX Font Info:    External font `cmex10' loaded for size
(Font)              <5> on input line 23.

LaTeX Warning: Float too large for page by 42.00388pt on input line 87.

[47]
LaTeX Font Warning: Font shape `OT1/cmss/M/n' undefined
(Font)              using `OT1/cmss/m/n' instead on input line 116.
 [48] [49]
Overfull \hbox (44.19257pt too wide) in paragraph at lines 286--286
[]        \OT1/cmtt/m/n/10 cc -eminiloop.exe miniloop.obj ml_aux.obj arg.obj gr
aph.obj memalloc.obj[] 
 []


Overfull \hbox (28.4427pt too wide) in paragraph at lines 286--286
[]        \OT1/cmtt/m/n/10 cc -emvmasm.exe mvmasm.obj mvm_aux.obj arg.obj graph
.obj memalloc.obj[] 
 []


Underfull \vbox (badness 10000) has occurred while \output is active []

 [50]
Overfull \hbox (44.19257pt too wide) in paragraph at lines 286--286
[]        \OT1/cmtt/m/n/10 cc -eminitree.exe minitree.obj m*_aux.obj arg.obj gr
aph.obj memalloc.obj[] 
 []


Overfull \hbox (54.69247pt too wide) in paragraph at lines 286--286
[]        \OT1/cmtt/m/n/10 cc -epretty_c.exe pretty_c.obj pr_c_aux.obj arg.obj 
graph.obj memalloc.obj[] 
 []


Underfull \vbox (badness 10000) has occurred while \output is active []

 [51])
(rdp_supp.bbl [52]) [53


] (rdp_supp.aux)
LaTeX Font Warning: Some font shapes were not available, defaults substituted.
 ) 
Here is how much of TeX's memory you used:
 609 strings out of 55952
 6029 string characters out of 211975
 111601 words of memory out of 262143
 3423 multiletter control sequences out of 10000
 24994 words of font info for 92 fonts, out of 81920 for 254
 14 hyphenation exceptions out of 607
 24i,9n,23p,203b,365s stack positions out of 300i,100n,60p,5000b,1000s

Output written on rdp_supp.dvi (59 pages, 200776 bytes).
