This is emTeX (tex386), Version 3.14159 [4b] (preloaded format=latex 97.2.18)  17 NOV 1998 16:42
**&latex rdp_tut
(rdp_tut.tex
LaTeX2e <1996/06/01>
(c:/emtex/texinput/latex2e/latex209.def
File: latex209.def 1996/05/21 v0.51 Standard LaTeX file

Entering LaTeX 2.09 compatibility mode.
\footheight=\dimen102
\@maxsep=\dimen103
\@dblmaxsep=\dimen104
\@cla=\count79
\@clb=\count80
\mscount=\count81
(c:/emtex/texinput/latex2e/tracefnt.sty
Package: tracefnt 1996/05/08 v3.0h Standard LaTeX package (font tracing)
\tracingfonts=\count82
LaTeX Info: Redefining \selectfont on input line 139.
)
\symbold=\mathgroup4
\symsans=\mathgroup5
\symtypewriter=\mathgroup6
\symitalic=\mathgroup7
\symsmallcaps=\mathgroup8
\symslanted=\mathgroup9
LaTeX Font Info:    Redeclaring math alphabet \mathbf on input line 307.
LaTeX Font Info:    Redeclaring math alphabet \mathsf on input line 308.
LaTeX Font Info:    Redeclaring math alphabet \mathtt on input line 309.
LaTeX Font Info:    Redeclaring math alphabet \mathit on input line 315.
LaTeX Info: Redefining \em on input line 325.

(c:/emtex/texinput/latex2e/latexsym.sty
Package: latexsym 1995/11/28 v2.2c Standard LaTeX package (lasy symbols)
\symlasy=\mathgroup10
LaTeX Font Info:    Overwriting symbol font `lasy' in version `bold'
(Font)                  U/lasy/m/n --> U/lasy/b/n on input line 86.
)
LaTeX Font Info:    Redeclaring math delimiter \lgroup on input line 389.
LaTeX Font Info:    Redeclaring math delimiter \rgroup on input line 391.
LaTeX Font Info:    Redeclaring math delimiter \bracevert on input line 393.
) (c:/emtex/texinput/latex2e/report.cls
Document Class: report 1996/05/26 v1.3r Standard LaTeX document class
(c:/emtex/texinput/latex2e/size11.clo
File: size11.clo 1996/05/26 v1.3r Standard LaTeX file (size option)
)
\c@part=\count83
\c@chapter=\count84
\c@section=\count85
\c@subsection=\count86
\c@subsubsection=\count87
\c@paragraph=\count88
\c@subparagraph=\count89
\c@figure=\count90
\c@table=\count91
\abovecaptionskip=\skip41
\belowcaptionskip=\skip42
Compatibility mode: definition of \rm ignored.
Compatibility mode: definition of \sf ignored.
Compatibility mode: definition of \tt ignored.
Compatibility mode: definition of \bf ignored.
Compatibility mode: definition of \it ignored.
Compatibility mode: definition of \sl ignored.
Compatibility mode: definition of \sc ignored.
LaTeX Info: Redefining \cal on input line 620.
LaTeX Info: Redefining \mit on input line 621.
\bibindent=\dimen105
) (c:/emtex/texinput/rhul/rhultech.sty
Standard style for RHUL reports, released 27 July 1993, Adrian Johnstone
\fullwidth=\skip43
) (rdp_tut.aux)
LaTeX Font Info:    Checking defaults for OML/cmm/m/it on input line 25.
LaTeX Font Info:    ... okay on input line 25.
LaTeX Font Info:    Checking defaults for T1/cmr/m/n on input line 25.
LaTeX Font Info:    ... okay on input line 25.
LaTeX Font Info:    Checking defaults for OT1/cmr/m/n on input line 25.
LaTeX Font Info:    ... okay on input line 25.
LaTeX Font Info:    Checking defaults for OMS/cmsy/m/n on input line 25.
LaTeX Font Info:    ... okay on input line 25.
LaTeX Font Info:    Checking defaults for OMX/cmex/m/n on input line 25.
LaTeX Font Info:    ... okay on input line 25.
LaTeX Font Info:    Checking defaults for U/cmr/m/n on input line 25.
LaTeX Font Info:    ... okay on input line 25.
LaTeX Font Info:    External font `cmex10' loaded for size
(Font)              <14.4> on input line 28.
LaTeX Font Info:    External font `cmex10' loaded for size
(Font)              <7> on input line 28.
LaTeX Font Info:    Try loading font information for U+lasy on input line 28.
 (c:/emtex/texinput/latex2e/ulasy.fd
File: Ulasy.fd 1995/11/28 v2.2cLaTeX symbol font definitions
)
LaTeX Font Info:    External font `cmex10' loaded for size
(Font)              <10.95> on input line 28.
LaTeX Font Info:    External font `cmex10' loaded for size
(Font)              <8> on input line 28.
LaTeX Font Info:    External font `cmex10' loaded for size
(Font)              <6> on input line 28.
\rhuolbox=\box26
\rhuolw=\dimen106
 [0

]
LaTeX Font Info:    Try loading font information for OMS+cmr on input line 63.

(c:/emtex/texinput/latex2e/omscmr.fd
File: OMScmr.fd 1996/05/19 v2.4h Standard LaTeX font definitions
)
LaTeX Font Info:    Font shape `OMS/cmr/m/n' in size <10.95> not available
(Font)              Font shape `OMS/cmsy/m/n' tried instead on input line 63.
 [1] (rdp_tut.toc [1



])
\tf@toc=\write3
 [2]
Chapter 1.

Underfull \vbox (badness 10000) has occurred while \output is active []

 [1



]
[2] [3] [4


]
Chapter 2.
[5] [6] [7] [8]
Overfull \hbox (23.19275pt too wide) in paragraph at lines 549--549
[]     \OT1/cmtt/m/n/10 1: Error 1 (expr.str) Scanned 'b' whilst expecting one 
of EOF, '*', '+'[] 
 []

[9] [10]
Overfull \hbox (7.44289pt too wide) in paragraph at lines 633--633
[]\OT1/cmtt/m/n/10 Turbo Link Version 1.6.72.0 Copyright (c) 1993,1996 Borland 
International[] 
 []


Underfull \hbox (badness 10000) in paragraph at lines 663--668

 []

[11] [12] [13] [14] [15] [16]
Chapter 3.
LaTeX Font Info:    Try loading font information for OMS+cmtt on input line 105
4.
LaTeX Font Info:    No file OMScmtt.fd. on input line 1054.
LaTeX Font Warning: Font shape `OMS/cmtt/m/n' undefined
(Font)              using `OMS/cmsy/m/n' instead
(Font)              for symbol `textbraceleft' on input line 1054.
[17


] [18] [19] [20]
Underfull \hbox (badness 10000) in paragraph at lines 1282--1287

 []

[21] [22] [23] [24


]
Chapter 4.
[25]
LaTeX Font Warning: Font shape `OT1/cmss/M/n' undefined
(Font)              using `OT1/cmss/m/n' instead on input line 1651.
 [26] [27] [28]
Underfull \hbox (badness 10000) in paragraph at lines 1797--1798

 []

[29]
Overfull \hbox (2.19293pt too wide) in paragraph at lines 1919--1919
[]\OT1/cmtt/m/n/10 Turbo Link Version 1.6.72.0 Copyright (c)1993,1996 Borland I
nternational[] 
 []

[30] [31]
Underfull \vbox (badness 10000) has occurred while \output is active []

 [32]
[33] [34


]
Chapter 5.

Overfull \hbox (15.107pt too wide) in paragraph at lines 2057--2057
[]\OT1/cmtt/m/n/10.95 e0 ::=  e1 ['>' e1 | '<' e1 | '>=' e1 |'<=' e1 | '==' e1 
| '!=' e1].[] 
 []

[35] [36

]
Chapter 6.
[37


]
LaTeX Font Info:    External font `cmex10' loaded for size
(Font)              <9> on input line 2160.
LaTeX Font Info:    External font `cmex10' loaded for size
(Font)              <5> on input line 2160.
 [38] [39

] [40] [41]
Overfull \hbox (7.44289pt too wide) in paragraph at lines 2413--2413
[][]\OT1/cmtt/m/n/10 Generated on May 01 1997 17:15:40 and compiled on Apr 30 1
997 at 13:02:55[] 
 []

[42]
Overfull \hbox (3.60962pt too wide) in paragraph at lines 2460--2460
[]               \OT1/cmtt/m/n/10.95 ('+' E:val2 [* result = val1 + val2; *] | 
epsilon).[] 
 []


Overfull \hbox (3.60962pt too wide) in paragraph at lines 2479--2479
[]              \OT1/cmtt/m/n/10.95 ['+' E:val2 [*result=val1+val2;*] ]:[*resul
t=val1;*][] 
 []

[43] [44]
Overfull \hbox (3.60962pt too wide) in paragraph at lines 2604--2604
[]              \OT1/cmtt/m/n/10.95 ['+' E:val2 [*result=val1+val2;*] ]:[*resul
t=val1;*][] 
 []


Overfull \hbox (15.107pt too wide) in paragraph at lines 2620--2620
[]              \OT1/cmtt/m/n/10.95 ['-' E:val2 [*result=val1-val2;*] ]:[*resul
t=val1;*] .[] 
 []

[45] [46]
Overfull \hbox (2.19293pt too wide) in paragraph at lines 2741--2741
[]                \OT1/cmtt/m/n/10 {text_message(TEXT_FATAL,"divide by zero att
empted\n");}[] 
 []


Overfull \hbox (12.69284pt too wide) in paragraph at lines 2741--2741
[]\OT1/cmtt/m/n/10 e3:integer ::= '+' e4:result | '-' e4:val [*result = -val;*]
 | e4:result .[] 
 []


Overfull \hbox (12.69284pt too wide) in paragraph at lines 2741--2741
[]            \OT1/cmtt/m/n/10 [*result = (integer) pow((double) result, (doubl
e) val );*] ].[] 
 []

[47]
Overfull \hbox (9.3583pt too wide) in paragraph at lines 2789--2789
[]\OT1/cmtt/m/n/10.95 S:integer ::= INTEGER:val E(val):result [*printf("%i\n",r
esult);*].[] 
 []


Overfull \hbox (3.60962pt too wide) in paragraph at lines 2789--2789
[]\OT1/cmtt/m/n/10.95 E(lhs:integer):integer ::= ['-' INTEGER:val [* val = lhs 
- val; *][] 
 []

[48]
Overfull \hbox (2.19293pt too wide) in paragraph at lines 2889--2889
[]                \OT1/cmtt/m/n/10 {text_message(TEXT_FATAL,"divide by zero att
empted\n");}[] 
 []


Overfull \hbox (7.44289pt too wide) in paragraph at lines 2889--2889
[]\OT1/cmtt/m/n/10 e3:integer ::= '+' e4:result | '-' e4:val [*result = -val;*]
 | e4:result.[] 
 []


Overfull \hbox (7.44289pt too wide) in paragraph at lines 2889--2889
[]           \OT1/cmtt/m/n/10 [*result = (integer) pow((double) result, (double
) val );*] ].[] 
 []

[49] [50]
Chapter 7.
[51


] (sym_sub.pic)
Overfull \hbox (7.82373pt too wide) in paragraph at lines 2980--2981
[]|  [] 
 []

[52] [53] [54]
Chapter 8.

Overfull \hbox (2.19293pt too wide) in paragraph at lines 3207--3207
[]                                           \OT1/cmtt/m/n/10 sizeof(mini_data)
))->i = val;[] 
 []


Overfull \hbox (12.69284pt too wide) in paragraph at lines 3207--3207
[]             \OT1/cmtt/m/n/10 text_message(TEXT_ERROR, "Undeclared variable '
%s'\n", name);[] 
 []


Overfull \hbox (2.19293pt too wide) in paragraph at lines 3207--3207
[]             \OT1/cmtt/m/n/10 mini_cast(symbol_lookup_key(mini, &name, NULL))
->i = val; }[] 
 []

[55


]
Overfull \hbox (2.19293pt too wide) in paragraph at lines 3207--3207
[]                \OT1/cmtt/m/n/10 {text_message(TEXT_FATAL,"divide by zero att
empted\n");}[] 
 []


Overfull \hbox (7.44289pt too wide) in paragraph at lines 3207--3207
[]\OT1/cmtt/m/n/10 e3:integer ::= '+' e4:result | '-' e4:val [*result = -val;*]
 | e4:result.[] 
 []


Overfull \hbox (7.44289pt too wide) in paragraph at lines 3207--3207
[]           \OT1/cmtt/m/n/10 [*result = (integer) pow((double) result, (double
) val );*] ].[] 
 []

[56]
Overfull \hbox (66.84518pt too wide) in paragraph at lines 3246--3246
[]     \OT1/cmtt/m/n/10.95 9: Error (examples\rdp_tut\mini_itp.str) Undeclared 
variable 'undefined'[] 
 []


Overfull \hbox (66.84518pt too wide) in paragraph at lines 3246--3246
[]    \OT1/cmtt/m/n/10.95 10: Error (examples\rdp_tut\mini_itp.str) Undeclared 
variable 'undefined'[] 
 []

(rdp_inst.tex [57] [58


]
Appendix A.

LaTeX Warning: Float too large for page by 42.00388pt on input line 87.

[59] [60] [61]
Overfull \hbox (44.19257pt too wide) in paragraph at lines 286--286
[]        \OT1/cmtt/m/n/10 cc -eminiloop.exe miniloop.obj ml_aux.obj arg.obj gr
aph.obj memalloc.obj[] 
 []


Overfull \hbox (28.4427pt too wide) in paragraph at lines 286--286
[]        \OT1/cmtt/m/n/10 cc -emvmasm.exe mvmasm.obj mvm_aux.obj arg.obj graph
.obj memalloc.obj[] 
 []


Underfull \vbox (badness 10000) has occurred while \output is active []

 [62]
Overfull \hbox (44.19257pt too wide) in paragraph at lines 286--286
[]        \OT1/cmtt/m/n/10 cc -eminitree.exe minitree.obj m*_aux.obj arg.obj gr
aph.obj memalloc.obj[] 
 []


Overfull \hbox (54.69247pt too wide) in paragraph at lines 286--286
[]        \OT1/cmtt/m/n/10 cc -epretty_c.exe pretty_c.obj pr_c_aux.obj arg.obj 
graph.obj memalloc.obj[] 
 []


Underfull \vbox (badness 10000) has occurred while \output is active []

 [63])
(rdp_tut.bbl [64]) [65


] (rdp_tut.aux)
LaTeX Font Warning: Some font shapes were not available, defaults substituted.
 ) 
Here is how much of TeX's memory you used:
 559 strings out of 55952
 5513 string characters out of 211975
 54283 words of memory out of 262143
 3393 multiletter control sequences out of 10000
 24994 words of font info for 92 fonts, out of 81920 for 254
 14 hyphenation exceptions out of 607
 23i,8n,23p,201b,365s stack positions out of 300i,100n,60p,5000b,1000s

Output written on rdp_tut.dvi (69 pages, 152320 bytes).
